Start testing: Nov 03 11:28 EST
----------------------------------------------------------
Unable to find executable: mytest
1/1 Testing: test
1/1 Test: test
Command: ""
Directory: /home/student/Documents/Project 3/build
"test" start time: 
Output:
----------------------------------------------------------
<end of output>
Test time =   0.00 sec
----------------------------------------------------------
Test Passed.
"test" end time: Nov 03 11:28 EST
"test" time elapsed: 00:00:00
----------------------------------------------------------

End testing: Nov 03 11:28 EST
